
> desktop@1.2.3 build E:\Projects\ui test\jarvis-unified - Copy\apps\desktop
> electron-vite build

[36mvite v8.0.16 [32mbuilding ssr environment for production...[36m[39m
[2Ktransforming...✓ 53 modules transformed.
rendering chunks...
out/main/index.js  244.69 kB

[32m✓ built in 326ms[39m
[36mvite v8.0.16 [32mbuilding ssr environment for production...[36m[39m
[2Ktransforming...✓ 17 modules transformed.
rendering chunks...
out/preload/index.js  102.60 kB

[32m✓ built in 49ms[39m
[36mvite v8.0.16 [32mbuilding client environment for production...[36m[39m
[33m[plugin rolldown:vite-resolve] Module "fs" has been externalized for browser compatibility, imported by "E:/Projects/ui test/jarvis-unified - Copy/node_modules/.pnpm/face-api.js@0.22.2/node_modules/face-api.js/build/es6/env/createFileSystem.js". See https://vite.dev/guide/troubleshooting.html#module-externalized-for-browser-compatibility for more details.[39m
[2Ktransforming...✓ 3325 modules transformed.
rendering chunks...
out/renderer/index.html                           0.94 kB
out/renderer/assets/terminal-GVL3fBIr.css         7.11 kB
out/renderer/assets/index-DZOIZf5i.css          169.96 kB
out/renderer/assets/app-store-Cvm4YHZ-.js         6.79 kB
out/renderer/assets/notes-C36deAoN.js            11.48 kB
out/renderer/assets/gallery-oO4uxZYS.js          16.01 kB
out/renderer/assets/jsx-runtime-DRGqHeIA.js      19.18 kB
out/renderer/assets/settings-Bxlbshlb.js         52.05 kB
out/renderer/assets/task-manager-Ds8yZ0H6.js    171.28 kB
out/renderer/assets/terminal-mpCf9btv.js        426.51 kB
out/renderer/assets/index-DnW6_U8d.js         6,303.40 kB

[33m[33m[INEFFECTIVE_DYNAMIC_IMPORT] [0msrc/renderer/src/services/jarvis-ai-brain.ts is dynamically imported by src/renderer/src/services/jarvis-voice-ai.ts but also statically imported by src/renderer/src/layouts/jarvis-layout.tsx, src/renderer/src/pages/dashboard.tsx, dynamic import will not move module into another chunk.
[39m
[33m[33m[PLUGIN_TIMINGS] [0mYour build spent significant time in plugins. Here is a breakdown:
  - @tailwindcss/vite:generate:build (49%)
  - vite:css (31%)
  - rolldown:vite-resolve (8%)
See https://rolldown.rs/options/checks#plugintimings for more details.
[39m
[32m✓ built in 12.79s[39m
